
             audio_encoder_dim: 512                                     
            audio_encoder_type: lstm_mel                                
              audio_max_length: 546220                                  
               audio_norm_type: layer_norm                              
                audio_unfreeze: True                                    
                    batch_size: 1                                       
                checkpoint_dir: /home/kuhaku/Code/EmotionClassification/code/3m-ser-private/scripts/checkpoints/AudioOnly_v2/cls_bert_lstm_mel/20231026-121302
                     data_name: IEMOCAPAudio                            
                     data_root: IEMOCAP_preprocessed                    
                       dropout: 0.5                                     
                      feat_dim: 768                                     
              focal_loss_alpha: None                                    
              focal_loss_gamma: 0.5                                     
       fusion_head_output_type: cls                                     
                      lambda_c: 1.0                                     
                 learning_rate: 0.0001                                  
           learning_rate_gamma: 0.1                                     
       learning_rate_step_size: 30                                      
         linear_layer_last_dim: 64                                      
           linear_layer_output: [64]                                    
                     loss_type: CrossEntropyLoss                        
              lstm_hidden_size: 512                                     
               lstm_num_layers: 2                                       
                margin_loss_m1: 1.0                                     
                margin_loss_m2: 0.5                                     
                margin_loss_m3: 0.0                                     
             margin_loss_scale: 64.0                                    
                   max_to_keep: 1                                       
                    model_type: AudioOnly_v2                            
                          name: cls_bert_lstm_mel                       
            num_attention_head: 8                                       
                   num_classes: 3                                       
                    num_epochs: 250                                     
                      opt_path: None                                    
              optim_attributes: None                                    
                        resume: False                                   
                   resume_path: None                                    
               save_all_states: True                                    
                 save_best_val: True                                    
                     save_freq: 4000                                    
              text_encoder_dim: 768                                     
             text_encoder_type: bert                                    
               text_max_length: 297                                     
                 text_unfreeze: False                                   

